[INFO 18:29:59.067 - Running loop 0 - {log4jdemo.Log4jDemo}log4jdemo.Log4jDemo.main(Log4jDemo.java:11)
[INFO 18:29:59.077 - Running loop 1 - {log4jdemo.Log4jDemo}log4jdemo.Log4jDemo.main(Log4jDemo.java:11)
[INFO 18:29:59.077 - Running loop 2 - {log4jdemo.Log4jDemo}log4jdemo.Log4jDemo.main(Log4jDemo.java:11)
[INFO 18:29:59.077 - Running loop 3 - {log4jdemo.Log4jDemo}log4jdemo.Log4jDemo.main(Log4jDemo.java:11)
[INFO 18:29:59.077 - Running loop 4 - {log4jdemo.Log4jDemo}log4jdemo.Log4jDemo.main(Log4jDemo.java:11)
[INFO 18:29:59.078 - Received request for calculating tax - {log4jdemo.Log4jDemo}log4jdemo.Log4jDemo.calculateTax(Log4jDemo.java:18)
[DEBUG 18:29:59.079 - Persons name salary:123456.0 marriage status: true - {log4jdemo.Log4jDemo}log4jdemo.Log4jDemo.calculateTax(Log4jDemo.java:19)
[INFO 18:29:59.079 - Received request for calculating tax - {log4jdemo.Log4jDemo}log4jdemo.Log4jDemo.calculateTax(Log4jDemo.java:18)
[DEBUG 18:29:59.079 - Persons name salary:-123.0 marriage status: true - {log4jdemo.Log4jDemo}log4jdemo.Log4jDemo.calculateTax(Log4jDemo.java:19)
[ERROR 18:29:59.082 - Salary can not be negative - {log4jdemo.Log4jDemo}log4jdemo.Log4jDemo.calculateTax(Log4jDemo.java:28)
[INFO 19:28:52.552 - Running loop 0 - {log4jdemo.Log4jDemo}log4jdemo.Log4jDemo.main(Log4jDemo.java:11)
[INFO 19:28:52.562 - Running loop 1 - {log4jdemo.Log4jDemo}log4jdemo.Log4jDemo.main(Log4jDemo.java:11)
[INFO 19:28:52.563 - Running loop 2 - {log4jdemo.Log4jDemo}log4jdemo.Log4jDemo.main(Log4jDemo.java:11)
[INFO 19:28:52.563 - Running loop 3 - {log4jdemo.Log4jDemo}log4jdemo.Log4jDemo.main(Log4jDemo.java:11)
[INFO 19:28:52.563 - Running loop 4 - {log4jdemo.Log4jDemo}log4jdemo.Log4jDemo.main(Log4jDemo.java:11)
[INFO 19:28:52.564 - Received request for calculating tax - {log4jdemo.Log4jDemo}log4jdemo.Log4jDemo.calculateTax(Log4jDemo.java:18)
[DEBUG 19:28:52.565 - Persons name salary:123456.0 marriage status: true - {log4jdemo.Log4jDemo}log4jdemo.Log4jDemo.calculateTax(Log4jDemo.java:19)
[INFO 19:28:52.565 - Received request for calculating tax - {log4jdemo.Log4jDemo}log4jdemo.Log4jDemo.calculateTax(Log4jDemo.java:18)
[DEBUG 19:28:52.565 - Persons name salary:-123.0 marriage status: true - {log4jdemo.Log4jDemo}log4jdemo.Log4jDemo.calculateTax(Log4jDemo.java:19)
[ERROR 19:28:52.566 - Salary can not be negative - {log4jdemo.Log4jDemo}log4jdemo.Log4jDemo.calculateTax(Log4jDemo.java:28)
